[2024-07-21T23:59:51.510] [INFO] default - [commands] => command/admin/colors.js loaded
[2024-07-21T23:59:51.514] [INFO] default - [commands] => command/admin/testButton.js loaded
[2024-07-21T23:59:51.515] [INFO] default - [commands] => command/admin/testSelect.js loaded
[2024-07-21T23:59:51.535] [ERROR] default - [commands] => command/funAleatoire/8ball.js not loaded
[2024-07-21T23:59:51.535] [ERROR] default - Error loading command from file 8ball.js in directory funAleatoire. A test file has been created with the error details: E:\floon\dev\test dev bot falling Start\libs\errors\8ball_error_7-21-2024, 9-59-51 PM.log
[2024-07-21T23:59:51.536] [INFO] default - [commands] => command/funAleatoire/dice.js loaded
[2024-07-21T23:59:51.539] [INFO] default - [commands] => command/funAleatoire/flip.js loaded
[2024-07-21T23:59:51.540] [INFO] default - [commands] => command/funAleatoire/randomNumber.js loaded
[2024-07-21T23:59:51.543] [INFO] default - [commands] => command/funJeux/artText.js loaded
[2024-07-21T23:59:51.545] [INFO] default - [commands] => command/funJeux/avatar.js loaded
[2024-07-21T23:59:51.547] [INFO] default - [commands] => command/funJeux/calculator.js loaded
[2024-07-21T23:59:51.548] [INFO] default - [commands] => command/funJeux/emojify.js loaded
[2024-07-21T23:59:51.549] [INFO] default - [commands] => command/funJeux/love.js loaded
[2024-07-21T23:59:51.550] [INFO] default - [commands] => command/funJeux/rockPaperScissor.js loaded
[2024-07-21T23:59:51.646] [INFO] default - [commands] => command/funUtile/animeSearch.js loaded
[2024-07-21T23:59:51.707] [INFO] default - [commands] => command/funUtile/translation.js loaded
[2024-07-21T23:59:51.757] [INFO] default - [commands] => command/info/machineInfo.js loaded
[2024-07-21T23:59:51.758] [INFO] default - [commands] => command/info/ping.js loaded
[2024-07-21T23:59:51.776] [INFO] default - [commands] => command/info/statistics.js loaded
[2024-07-21T23:59:51.777] [WARN] default - [commands] => 1 commands not loaded
[2024-07-21T23:59:51.777] [INFO] default - [commands] => 17 commands loaded
[2024-07-22T00:00:37.464] [INFO] default - [commands] => command/admin/colors.js loaded
[2024-07-22T00:00:37.468] [INFO] default - [commands] => command/admin/testButton.js loaded
[2024-07-22T00:00:37.469] [INFO] default - [commands] => command/admin/testSelect.js loaded
[2024-07-22T00:00:37.489] [ERROR] default - [commands] => command/funAleatoire/8ball.js not loaded
[2024-07-22T00:00:37.490] [ERROR] default - Error loading command from file 8ball.js in directory funAleatoire. A test file has been created with the error details: E:\floon\dev\test dev bot falling Start\libs\errors\8ball_error_7-21-2024, 10-00-37 PM.log
[2024-07-22T00:00:37.491] [INFO] default - [commands] => command/funAleatoire/dice.js loaded
[2024-07-22T00:00:37.494] [INFO] default - [commands] => command/funAleatoire/flip.js loaded
[2024-07-22T00:00:37.495] [INFO] default - [commands] => command/funAleatoire/randomNumber.js loaded
[2024-07-22T00:00:37.498] [INFO] default - [commands] => command/funJeux/artText.js loaded
[2024-07-22T00:00:37.500] [INFO] default - [commands] => command/funJeux/avatar.js loaded
[2024-07-22T00:00:37.502] [INFO] default - [commands] => command/funJeux/calculator.js loaded
[2024-07-22T00:00:37.502] [INFO] default - [commands] => command/funJeux/emojify.js loaded
[2024-07-22T00:00:37.504] [INFO] default - [commands] => command/funJeux/love.js loaded
[2024-07-22T00:00:37.505] [INFO] default - [commands] => command/funJeux/rockPaperScissor.js loaded
[2024-07-22T00:00:37.601] [INFO] default - [commands] => command/funUtile/animeSearch.js loaded
[2024-07-22T00:00:37.662] [INFO] default - [commands] => command/funUtile/translation.js loaded
[2024-07-22T00:00:37.711] [INFO] default - [commands] => command/info/machineInfo.js loaded
[2024-07-22T00:00:37.712] [INFO] default - [commands] => command/info/ping.js loaded
[2024-07-22T00:00:37.731] [INFO] default - [commands] => command/info/statistics.js loaded
[2024-07-22T00:00:37.731] [WARN] default - [commands] => 1 commands not loaded
[2024-07-22T00:00:37.731] [INFO] default - [commands] => 17 commands loaded
[2024-07-22T00:02:47.264] [INFO] default - [commands] => command/admin/colors.js loaded
[2024-07-22T00:02:47.268] [INFO] default - [commands] => command/admin/testButton.js loaded
[2024-07-22T00:02:47.269] [INFO] default - [commands] => command/admin/testSelect.js loaded
[2024-07-22T00:02:47.289] [ERROR] default - [commands] => command/funAleatoire/8ball.js not loaded
[2024-07-22T00:02:47.290] [ERROR] default - Error loading command from file 8ball.js in directory funAleatoire. A test file has been created with the error details: E:\floon\dev\test dev bot falling Start\libs\errors\8ball_error_7-21-2024, 10-02-47 PM.log
[2024-07-22T00:02:47.291] [INFO] default - [commands] => command/funAleatoire/dice.js loaded
[2024-07-22T00:02:47.294] [INFO] default - [commands] => command/funAleatoire/flip.js loaded
[2024-07-22T00:02:47.295] [INFO] default - [commands] => command/funAleatoire/randomNumber.js loaded
[2024-07-22T00:02:47.298] [INFO] default - [commands] => command/funJeux/artText.js loaded
[2024-07-22T00:02:47.299] [INFO] default - [commands] => command/funJeux/avatar.js loaded
[2024-07-22T00:02:47.302] [INFO] default - [commands] => command/funJeux/calculator.js loaded
[2024-07-22T00:02:47.303] [INFO] default - [commands] => command/funJeux/emojify.js loaded
[2024-07-22T00:02:47.304] [INFO] default - [commands] => command/funJeux/love.js loaded
[2024-07-22T00:02:47.306] [INFO] default - [commands] => command/funJeux/rockPaperScissor.js loaded
[2024-07-22T00:02:47.401] [INFO] default - [commands] => command/funUtile/animeSearch.js loaded
[2024-07-22T00:02:47.463] [INFO] default - [commands] => command/funUtile/translation.js loaded
[2024-07-22T00:02:47.513] [INFO] default - [commands] => command/info/machineInfo.js loaded
[2024-07-22T00:02:47.514] [INFO] default - [commands] => command/info/ping.js loaded
[2024-07-22T00:02:47.533] [INFO] default - [commands] => command/info/statistics.js loaded
[2024-07-22T00:02:47.534] [WARN] default - [31m[commands] => 1 commands not loaded[0m
[2024-07-22T00:02:47.534] [INFO] default - [commands] => 17 commands loaded
[2024-07-22T00:04:41.895] [INFO] default - [commands] => command/admin/colors.js loaded
[2024-07-22T00:04:41.899] [INFO] default - [commands] => command/admin/testButton.js loaded
[2024-07-22T00:04:41.900] [INFO] default - [commands] => command/admin/testSelect.js loaded
[2024-07-22T00:04:41.921] [ERROR] default - [commands] => command/funAleatoire/8ball.js not loaded
[2024-07-22T00:04:41.921] [ERROR] default - Error loading command from file 8ball.js in directory funAleatoire. A test file has been created with the error details: E:\floon\dev\test dev bot falling Start\libs\errors\8ball_error_7-21-2024, 10-04-41 PM.log
[2024-07-22T00:04:41.922] [INFO] default - [commands] => command/funAleatoire/dice.js loaded
[2024-07-22T00:04:41.925] [INFO] default - [commands] => command/funAleatoire/flip.js loaded
[2024-07-22T00:04:41.926] [INFO] default - [commands] => command/funAleatoire/randomNumber.js loaded
[2024-07-22T00:04:41.929] [INFO] default - [commands] => command/funJeux/artText.js loaded
[2024-07-22T00:04:41.930] [INFO] default - [commands] => command/funJeux/avatar.js loaded
[2024-07-22T00:04:41.932] [INFO] default - [commands] => command/funJeux/calculator.js loaded
[2024-07-22T00:04:41.933] [INFO] default - [commands] => command/funJeux/emojify.js loaded
[2024-07-22T00:04:41.935] [INFO] default - [commands] => command/funJeux/love.js loaded
[2024-07-22T00:04:41.936] [INFO] default - [commands] => command/funJeux/rockPaperScissor.js loaded
[2024-07-22T00:04:42.031] [INFO] default - [commands] => command/funUtile/animeSearch.js loaded
[2024-07-22T00:04:42.091] [INFO] default - [commands] => command/funUtile/translation.js loaded
[2024-07-22T00:04:42.141] [INFO] default - [commands] => command/info/machineInfo.js loaded
[2024-07-22T00:04:42.142] [INFO] default - [commands] => command/info/ping.js loaded
[2024-07-22T00:04:42.162] [INFO] default - [commands] => command/info/statistics.js loaded
[2024-07-22T00:04:42.163] [FATAL] default - [commands] => Error loading commands. A test file has been created with the error details: E:\floon\dev\test dev bot falling Start\libs\errors\commands_error_7-21-2024, 10-04-42 PM.log
[2024-07-22T00:04:42.163] [INFO] default - [commands] => 17 commands loaded
[2024-07-22T00:05:34.114] [INFO] default - [commands] => command/admin/colors.js loaded
[2024-07-22T00:05:34.117] [INFO] default - [commands] => command/admin/testButton.js loaded
[2024-07-22T00:05:34.118] [INFO] default - [commands] => command/admin/testSelect.js loaded
[2024-07-22T00:05:34.139] [ERROR] default - [commands] => command/funAleatoire/8ball.js not loaded
[2024-07-22T00:05:34.139] [ERROR] default - Error loading command from file 8ball.js in directory funAleatoire. A test file has been created with the error details: E:\floon\dev\test dev bot falling Start\libs\errors\8ball_error_7-21-2024, 10-05-34 PM.log
[2024-07-22T00:05:34.140] [INFO] default - [commands] => command/funAleatoire/dice.js loaded
[2024-07-22T00:05:34.143] [INFO] default - [commands] => command/funAleatoire/flip.js loaded
[2024-07-22T00:05:34.144] [INFO] default - [commands] => command/funAleatoire/randomNumber.js loaded
[2024-07-22T00:05:34.148] [INFO] default - [commands] => command/funJeux/artText.js loaded
[2024-07-22T00:05:34.149] [INFO] default - [commands] => command/funJeux/avatar.js loaded
[2024-07-22T00:05:34.151] [INFO] default - [commands] => command/funJeux/calculator.js loaded
[2024-07-22T00:05:34.152] [INFO] default - [commands] => command/funJeux/emojify.js loaded
[2024-07-22T00:05:34.153] [INFO] default - [commands] => command/funJeux/love.js loaded
[2024-07-22T00:05:34.155] [INFO] default - [commands] => command/funJeux/rockPaperScissor.js loaded
[2024-07-22T00:05:34.250] [INFO] default - [commands] => command/funUtile/animeSearch.js loaded
[2024-07-22T00:05:34.310] [INFO] default - [commands] => command/funUtile/translation.js loaded
[2024-07-22T00:05:34.362] [INFO] default - [commands] => command/info/machineInfo.js loaded
[2024-07-22T00:05:34.363] [INFO] default - [commands] => command/info/ping.js loaded
[2024-07-22T00:05:34.382] [INFO] default - [commands] => command/info/statistics.js loaded
[2024-07-22T00:05:34.382] [WARN] default - [91m[commands] => 1 commands not loaded[0m
[2024-07-22T00:05:34.382] [INFO] default - [commands] => 17 commands loaded
[2024-07-22T00:06:40.579] [INFO] default - [commands] => command/admin/colors.js loaded
[2024-07-22T00:06:40.583] [INFO] default - [commands] => command/admin/testButton.js loaded
[2024-07-22T00:06:40.584] [INFO] default - [commands] => command/admin/testSelect.js loaded
[2024-07-22T00:06:40.605] [ERROR] default - [91m[commands] => command/funAleatoire/8ball.js not loaded
[2024-07-22T00:06:40.605] [ERROR] default - [91mError loading command from file 8ball.js in directory funAleatoire. A test file has been created with the error details: E:\floon\dev\test dev bot falling Start\libs\errors\8ball_error_7-21-2024, 10-06-40 PM.log
[2024-07-22T00:06:40.606] [INFO] default - [commands] => command/funAleatoire/dice.js loaded
[2024-07-22T00:06:40.609] [INFO] default - [commands] => command/funAleatoire/flip.js loaded
[2024-07-22T00:06:40.610] [INFO] default - [commands] => command/funAleatoire/randomNumber.js loaded
[2024-07-22T00:06:40.614] [INFO] default - [commands] => command/funJeux/artText.js loaded
[2024-07-22T00:06:40.615] [INFO] default - [commands] => command/funJeux/avatar.js loaded
[2024-07-22T00:06:40.617] [INFO] default - [commands] => command/funJeux/calculator.js loaded
[2024-07-22T00:06:40.618] [INFO] default - [commands] => command/funJeux/emojify.js loaded
[2024-07-22T00:06:40.619] [INFO] default - [commands] => command/funJeux/love.js loaded
[2024-07-22T00:06:40.620] [INFO] default - [commands] => command/funJeux/rockPaperScissor.js loaded
[2024-07-22T00:06:40.716] [INFO] default - [commands] => command/funUtile/animeSearch.js loaded
[2024-07-22T00:06:40.777] [INFO] default - [commands] => command/funUtile/translation.js loaded
[2024-07-22T00:06:40.827] [INFO] default - [commands] => command/info/machineInfo.js loaded
[2024-07-22T00:06:40.828] [INFO] default - [commands] => command/info/ping.js loaded
[2024-07-22T00:06:40.846] [INFO] default - [commands] => command/info/statistics.js loaded
[2024-07-22T00:06:40.846] [WARN] default - [91m[commands] => 1 commands not loaded[0m
[2024-07-22T00:06:40.847] [INFO] default - [commands] => 17 commands loaded
[2024-07-22T00:07:08.265] [INFO] default - [92m[commands] => command/admin/colors.js loaded
[2024-07-22T00:07:08.269] [INFO] default - [92m[commands] => command/admin/testButton.js loaded
[2024-07-22T00:07:08.270] [INFO] default - [92m[commands] => command/admin/testSelect.js loaded
[2024-07-22T00:07:08.290] [ERROR] default - [91m[commands] => command/funAleatoire/8ball.js not loaded
[2024-07-22T00:07:08.290] [ERROR] default - [91mError loading command from file 8ball.js in directory funAleatoire. A test file has been created with the error details: E:\floon\dev\test dev bot falling Start\libs\errors\8ball_error_7-21-2024, 10-07-08 PM.log
[2024-07-22T00:07:08.292] [INFO] default - [92m[commands] => command/funAleatoire/dice.js loaded
[2024-07-22T00:07:08.294] [INFO] default - [92m[commands] => command/funAleatoire/flip.js loaded
[2024-07-22T00:07:08.295] [INFO] default - [92m[commands] => command/funAleatoire/randomNumber.js loaded
[2024-07-22T00:07:08.299] [INFO] default - [92m[commands] => command/funJeux/artText.js loaded
[2024-07-22T00:07:08.300] [INFO] default - [92m[commands] => command/funJeux/avatar.js loaded
[2024-07-22T00:07:08.302] [INFO] default - [92m[commands] => command/funJeux/calculator.js loaded
[2024-07-22T00:07:08.303] [INFO] default - [92m[commands] => command/funJeux/emojify.js loaded
[2024-07-22T00:07:08.304] [INFO] default - [92m[commands] => command/funJeux/love.js loaded
[2024-07-22T00:07:08.306] [INFO] default - [92m[commands] => command/funJeux/rockPaperScissor.js loaded
[2024-07-22T00:07:08.401] [INFO] default - [92m[commands] => command/funUtile/animeSearch.js loaded
[2024-07-22T00:07:08.462] [INFO] default - [92m[commands] => command/funUtile/translation.js loaded
[2024-07-22T00:07:08.514] [INFO] default - [92m[commands] => command/info/machineInfo.js loaded
[2024-07-22T00:07:08.515] [INFO] default - [92m[commands] => command/info/ping.js loaded
[2024-07-22T00:07:08.534] [INFO] default - [92m[commands] => command/info/statistics.js loaded
[2024-07-22T00:07:08.534] [WARN] default - [91m[commands] => 1 commands not loaded[0m
[2024-07-22T00:07:08.534] [INFO] default - [commands] => 17 commands loaded
[2024-07-22T00:07:38.544] [INFO] default - [commands] => command/admin/colors.js loaded
[2024-07-22T00:07:38.548] [INFO] default - [commands] => command/admin/testButton.js loaded
[2024-07-22T00:07:38.548] [INFO] default - [commands] => command/admin/testSelect.js loaded
[2024-07-22T00:07:38.569] [ERROR] default - [91m[commands] => command/funAleatoire/8ball.js not loaded
[2024-07-22T00:07:38.569] [ERROR] default - [91mError loading command from file 8ball.js in directory funAleatoire. A test file has been created with the error details: E:\floon\dev\test dev bot falling Start\libs\errors\8ball_error_7-21-2024, 10-07-38 PM.log
[2024-07-22T00:07:38.570] [INFO] default - [commands] => command/funAleatoire/dice.js loaded
[2024-07-22T00:07:38.574] [INFO] default - [commands] => command/funAleatoire/flip.js loaded
[2024-07-22T00:07:38.575] [INFO] default - [commands] => command/funAleatoire/randomNumber.js loaded
[2024-07-22T00:07:38.578] [INFO] default - [commands] => command/funJeux/artText.js loaded
[2024-07-22T00:07:38.580] [INFO] default - [commands] => command/funJeux/avatar.js loaded
[2024-07-22T00:07:38.581] [INFO] default - [commands] => command/funJeux/calculator.js loaded
[2024-07-22T00:07:38.582] [INFO] default - [commands] => command/funJeux/emojify.js loaded
[2024-07-22T00:07:38.584] [INFO] default - [commands] => command/funJeux/love.js loaded
[2024-07-22T00:07:38.585] [INFO] default - [commands] => command/funJeux/rockPaperScissor.js loaded
[2024-07-22T00:07:38.682] [INFO] default - [commands] => command/funUtile/animeSearch.js loaded
[2024-07-22T00:07:38.742] [INFO] default - [commands] => command/funUtile/translation.js loaded
[2024-07-22T00:07:38.792] [INFO] default - [commands] => command/info/machineInfo.js loaded
[2024-07-22T00:07:38.793] [INFO] default - [commands] => command/info/ping.js loaded
[2024-07-22T00:07:38.813] [INFO] default - [commands] => command/info/statistics.js loaded
[2024-07-22T00:07:38.813] [WARN] default - [91m[commands] => 1 commands not loaded[0m
[2024-07-22T00:07:38.814] [INFO] default - [92m[commands] => 17 commands loaded
[2024-07-22T00:09:46.822] [INFO] default - [commands] => command/admin/colors.js loaded
[2024-07-22T00:09:46.825] [INFO] default - [commands] => command/admin/testButton.js loaded
[2024-07-22T00:09:46.826] [INFO] default - [commands] => command/admin/testSelect.js loaded
[2024-07-22T00:09:46.847] [ERROR] default - [91m[commands] => command/funAleatoire/8ball.js not loaded
[2024-07-22T00:09:46.848] [ERROR] default - [91mError loading command from file 8ball.js in directory funAleatoire. A test file has been created with the error details: E:\floon\dev\test dev bot falling Start\libs\errors\8ball_error_7-21-2024, 10-09-46 PM.log
[2024-07-22T00:09:46.849] [INFO] default - [commands] => command/funAleatoire/dice.js loaded
[2024-07-22T00:09:46.852] [INFO] default - [commands] => command/funAleatoire/flip.js loaded
[2024-07-22T00:09:46.853] [INFO] default - [commands] => command/funAleatoire/randomNumber.js loaded
[2024-07-22T00:09:46.856] [INFO] default - [commands] => command/funJeux/artText.js loaded
[2024-07-22T00:09:46.858] [INFO] default - [commands] => command/funJeux/avatar.js loaded
[2024-07-22T00:09:46.859] [INFO] default - [commands] => command/funJeux/calculator.js loaded
[2024-07-22T00:09:46.860] [INFO] default - [commands] => command/funJeux/emojify.js loaded
[2024-07-22T00:09:46.862] [INFO] default - [commands] => command/funJeux/love.js loaded
[2024-07-22T00:09:46.863] [INFO] default - [commands] => command/funJeux/rockPaperScissor.js loaded
[2024-07-22T00:09:46.959] [INFO] default - [commands] => command/funUtile/animeSearch.js loaded
[2024-07-22T00:09:47.022] [INFO] default - [commands] => command/funUtile/translation.js loaded
[2024-07-22T00:09:47.072] [INFO] default - [commands] => command/info/machineInfo.js loaded
[2024-07-22T00:09:47.073] [INFO] default - [commands] => command/info/ping.js loaded
[2024-07-22T00:09:47.092] [INFO] default - [commands] => command/info/statistics.js loaded
[2024-07-22T00:09:47.092] [WARN] default - [91m[commands] => 1 commands not loaded[0m
[2024-07-22T00:09:47.092] [INFO] default - [92m[commands] => 17 commands loaded
[2024-07-22T00:10:44.613] [INFO] default - [commands] => command/admin/colors.js loaded
[2024-07-22T00:10:44.617] [INFO] default - [commands] => command/admin/testButton.js loaded
[2024-07-22T00:10:44.618] [INFO] default - [commands] => command/admin/testSelect.js loaded
[2024-07-22T00:10:44.638] [ERROR] default - [91m[commands] => command/funAleatoire/8ball.js not loaded
[2024-07-22T00:10:44.639] [ERROR] default - [91mError loading command from file 8ball.js in directory funAleatoire. A test file has been created with the error details: E:\floon\dev\test dev bot falling Start\libs\errors\8ball_error_7-21-2024, 10-10-44 PM.log
[2024-07-22T00:10:44.640] [INFO] default - [commands] => command/funAleatoire/dice.js loaded
[2024-07-22T00:10:44.643] [INFO] default - [commands] => command/funAleatoire/flip.js loaded
[2024-07-22T00:10:44.644] [INFO] default - [commands] => command/funAleatoire/randomNumber.js loaded
[2024-07-22T00:10:44.647] [INFO] default - [commands] => command/funJeux/artText.js loaded
[2024-07-22T00:10:44.648] [INFO] default - [commands] => command/funJeux/avatar.js loaded
[2024-07-22T00:10:44.650] [INFO] default - [commands] => command/funJeux/calculator.js loaded
[2024-07-22T00:10:44.651] [INFO] default - [commands] => command/funJeux/emojify.js loaded
[2024-07-22T00:10:44.652] [INFO] default - [commands] => command/funJeux/love.js loaded
[2024-07-22T00:10:44.654] [INFO] default - [commands] => command/funJeux/rockPaperScissor.js loaded
[2024-07-22T00:10:44.749] [INFO] default - [commands] => command/funUtile/animeSearch.js loaded
[2024-07-22T00:10:44.810] [INFO] default - [commands] => command/funUtile/translation.js loaded
[2024-07-22T00:10:44.860] [INFO] default - [commands] => command/info/machineInfo.js loaded
[2024-07-22T00:10:44.862] [INFO] default - [commands] => command/info/ping.js loaded
[2024-07-22T00:10:44.882] [INFO] default - [commands] => command/info/statistics.js loaded
[2024-07-22T00:10:44.882] [WARN] default - [91m[commands] => 1 commands not loaded[0m
[2024-07-22T00:10:44.882] [INFO] default - [92m[commands] => 17 commands loaded
[2024-07-22T00:12:24.073] [INFO] default - [commands] => command/admin/colors.js loaded
[2024-07-22T00:12:24.077] [INFO] default - [commands] => command/admin/testButton.js loaded
[2024-07-22T00:12:24.078] [INFO] default - [commands] => command/admin/testSelect.js loaded
[2024-07-22T00:12:24.099] [ERROR] default - [91m[commands] => command/funAleatoire/8ball.js not loaded
[2024-07-22T00:12:24.099] [ERROR] default - [91mError loading command from file 8ball.js in directory funAleatoire. A test file has been created with the error details: E:\floon\dev\test dev bot falling Start\libs\errors\8ball_error_7-21-2024, 10-12-24 PM.log
[2024-07-22T00:12:24.100] [INFO] default - [commands] => command/funAleatoire/dice.js loaded
[2024-07-22T00:12:24.103] [INFO] default - [commands] => command/funAleatoire/flip.js loaded
[2024-07-22T00:12:24.104] [INFO] default - [commands] => command/funAleatoire/randomNumber.js loaded
[2024-07-22T00:12:24.108] [INFO] default - [commands] => command/funJeux/artText.js loaded
[2024-07-22T00:12:24.109] [INFO] default - [commands] => command/funJeux/avatar.js loaded
[2024-07-22T00:12:24.110] [INFO] default - [commands] => command/funJeux/calculator.js loaded
[2024-07-22T00:12:24.111] [INFO] default - [commands] => command/funJeux/emojify.js loaded
[2024-07-22T00:12:24.113] [INFO] default - [commands] => command/funJeux/love.js loaded
[2024-07-22T00:12:24.114] [INFO] default - [commands] => command/funJeux/rockPaperScissor.js loaded
[2024-07-22T00:12:24.209] [INFO] default - [commands] => command/funUtile/animeSearch.js loaded
[2024-07-22T00:12:24.270] [INFO] default - [commands] => command/funUtile/translation.js loaded
[2024-07-22T00:12:24.325] [INFO] default - [commands] => command/info/machineInfo.js loaded
[2024-07-22T00:12:24.326] [INFO] default - [commands] => command/info/ping.js loaded
[2024-07-22T00:12:24.345] [INFO] default - [commands] => command/info/statistics.js loaded
[2024-07-22T00:12:24.345] [WARN] default - [91m[commands] => 1 commands not loaded[0m
[2024-07-22T00:12:24.345] [INFO] default - [92m[commands] => 17 commands loaded
[2024-07-22T00:12:50.821] [INFO] default - [commands] => command/admin/colors.js loaded
[2024-07-22T00:12:50.825] [INFO] default - [commands] => command/admin/testButton.js loaded
[2024-07-22T00:12:50.826] [INFO] default - [commands] => command/admin/testSelect.js loaded
[2024-07-22T00:12:50.828] [INFO] default - [commands] => command/funAleatoire/8ball.js loaded
[2024-07-22T00:12:50.829] [INFO] default - [commands] => command/funAleatoire/dice.js loaded
[2024-07-22T00:12:50.831] [INFO] default - [commands] => command/funAleatoire/flip.js loaded
[2024-07-22T00:12:50.832] [INFO] default - [commands] => command/funAleatoire/randomNumber.js loaded
[2024-07-22T00:12:50.836] [INFO] default - [commands] => command/funJeux/artText.js loaded
[2024-07-22T00:12:50.837] [INFO] default - [commands] => command/funJeux/avatar.js loaded
[2024-07-22T00:12:50.839] [INFO] default - [commands] => command/funJeux/calculator.js loaded
[2024-07-22T00:12:50.839] [INFO] default - [commands] => command/funJeux/emojify.js loaded
[2024-07-22T00:12:50.841] [INFO] default - [commands] => command/funJeux/love.js loaded
[2024-07-22T00:12:50.842] [INFO] default - [commands] => command/funJeux/rockPaperScissor.js loaded
[2024-07-22T00:12:50.941] [INFO] default - [commands] => command/funUtile/animeSearch.js loaded
[2024-07-22T00:12:51.002] [INFO] default - [commands] => command/funUtile/translation.js loaded
[2024-07-22T00:12:51.054] [INFO] default - [commands] => command/info/machineInfo.js loaded
[2024-07-22T00:12:51.056] [INFO] default - [commands] => command/info/ping.js loaded
[2024-07-22T00:12:51.090] [INFO] default - [commands] => command/info/statistics.js loaded
[2024-07-22T00:12:51.090] [INFO] default - [92m[commands] => 18 commands loaded
[2024-07-22T00:13:36.348] [INFO] default - [commands] => command/admin/colors.js loaded
[2024-07-22T00:13:36.352] [INFO] default - [commands] => command/admin/testButton.js loaded
[2024-07-22T00:13:36.353] [INFO] default - [commands] => command/admin/testSelect.js loaded
[2024-07-22T00:13:36.355] [INFO] default - [commands] => command/funAleatoire/8ball.js loaded
[2024-07-22T00:13:36.357] [INFO] default - [commands] => command/funAleatoire/dice.js loaded
[2024-07-22T00:13:36.359] [INFO] default - [commands] => command/funAleatoire/flip.js loaded
[2024-07-22T00:13:36.360] [INFO] default - [commands] => command/funAleatoire/randomNumber.js loaded
[2024-07-22T00:13:36.363] [INFO] default - [commands] => command/funJeux/artText.js loaded
[2024-07-22T00:13:36.364] [INFO] default - [commands] => command/funJeux/avatar.js loaded
[2024-07-22T00:13:36.366] [INFO] default - [commands] => command/funJeux/calculator.js loaded
[2024-07-22T00:13:36.367] [INFO] default - [commands] => command/funJeux/emojify.js loaded
[2024-07-22T00:13:36.368] [INFO] default - [commands] => command/funJeux/love.js loaded
[2024-07-22T00:13:36.370] [INFO] default - [commands] => command/funJeux/rockPaperScissor.js loaded
[2024-07-22T00:13:36.464] [INFO] default - [commands] => command/funUtile/animeSearch.js loaded
[2024-07-22T00:13:36.525] [INFO] default - [commands] => command/funUtile/translation.js loaded
[2024-07-22T00:13:36.575] [INFO] default - [commands] => command/info/machineInfo.js loaded
[2024-07-22T00:13:36.576] [INFO] default - [commands] => command/info/ping.js loaded
[2024-07-22T00:13:36.609] [INFO] default - [commands] => command/info/statistics.js loaded
[2024-07-22T00:13:36.609] [INFO] default - [92m[commands] => 18 commands loaded
[2024-07-22T00:15:17.106] [INFO] default - [commands] => command/admin/colors.js loaded
[2024-07-22T00:15:17.110] [INFO] default - [commands] => command/admin/testButton.js loaded
[2024-07-22T00:15:17.111] [INFO] default - [commands] => command/admin/testSelect.js loaded
[2024-07-22T00:15:17.113] [INFO] default - [commands] => command/funAleatoire/8ball.js loaded
[2024-07-22T00:15:17.114] [INFO] default - [commands] => command/funAleatoire/dice.js loaded
[2024-07-22T00:15:17.116] [INFO] default - [commands] => command/funAleatoire/flip.js loaded
[2024-07-22T00:15:17.117] [INFO] default - [commands] => command/funAleatoire/randomNumber.js loaded
[2024-07-22T00:15:17.121] [INFO] default - [commands] => command/funJeux/artText.js loaded
[2024-07-22T00:15:17.122] [INFO] default - [commands] => command/funJeux/avatar.js loaded
[2024-07-22T00:15:17.124] [INFO] default - [commands] => command/funJeux/calculator.js loaded
[2024-07-22T00:15:17.125] [INFO] default - [commands] => command/funJeux/emojify.js loaded
[2024-07-22T00:15:17.126] [INFO] default - [commands] => command/funJeux/love.js loaded
[2024-07-22T00:15:17.128] [INFO] default - [commands] => command/funJeux/rockPaperScissor.js loaded
[2024-07-22T00:15:17.224] [INFO] default - [commands] => command/funUtile/animeSearch.js loaded
[2024-07-22T00:15:17.285] [INFO] default - [commands] => command/funUtile/translation.js loaded
[2024-07-22T00:15:17.336] [INFO] default - [commands] => command/info/machineInfo.js loaded
[2024-07-22T00:15:17.337] [INFO] default - [commands] => command/info/ping.js loaded
[2024-07-22T00:15:17.368] [INFO] default - [commands] => command/info/statistics.js loaded
[2024-07-22T00:15:17.369] [INFO] default - [92m[commands] => 18 commands loaded
[2024-07-22T00:16:38.103] [INFO] default - [commands] => command/admin/colors.js loaded
[2024-07-22T00:16:38.107] [INFO] default - [commands] => command/admin/testButton.js loaded
[2024-07-22T00:16:38.108] [INFO] default - [commands] => command/admin/testSelect.js loaded
[2024-07-22T00:16:38.110] [INFO] default - [commands] => command/funAleatoire/8ball.js loaded
[2024-07-22T00:16:38.111] [INFO] default - [commands] => command/funAleatoire/dice.js loaded
[2024-07-22T00:16:38.113] [INFO] default - [commands] => command/funAleatoire/flip.js loaded
[2024-07-22T00:16:38.114] [INFO] default - [commands] => command/funAleatoire/randomNumber.js loaded
[2024-07-22T00:16:38.118] [INFO] default - [commands] => command/funJeux/artText.js loaded
[2024-07-22T00:16:38.119] [INFO] default - [commands] => command/funJeux/avatar.js loaded
[2024-07-22T00:16:38.121] [INFO] default - [commands] => command/funJeux/calculator.js loaded
[2024-07-22T00:16:38.122] [INFO] default - [commands] => command/funJeux/emojify.js loaded
[2024-07-22T00:16:38.123] [INFO] default - [commands] => command/funJeux/love.js loaded
[2024-07-22T00:16:38.125] [INFO] default - [commands] => command/funJeux/rockPaperScissor.js loaded
[2024-07-22T00:16:38.220] [INFO] default - [commands] => command/funUtile/animeSearch.js loaded
[2024-07-22T00:16:38.281] [INFO] default - [commands] => command/funUtile/translation.js loaded
[2024-07-22T00:16:38.330] [INFO] default - [commands] => command/info/machineInfo.js loaded
[2024-07-22T00:16:38.331] [INFO] default - [commands] => command/info/ping.js loaded
[2024-07-22T00:16:38.362] [INFO] default - [commands] => command/info/statistics.js loaded
[2024-07-22T00:16:38.363] [INFO] default - [92m[commands] => 18 commands loaded
[2024-07-22T00:21:28.566] [INFO] default - [commands] => command/admin/colors.js loaded
[2024-07-22T00:21:28.570] [INFO] default - [commands] => command/admin/testButton.js loaded
[2024-07-22T00:21:28.571] [INFO] default - [commands] => command/admin/testSelect.js loaded
[2024-07-22T00:21:28.573] [INFO] default - [commands] => command/funAleatoire/8ball.js loaded
[2024-07-22T00:21:28.574] [INFO] default - [commands] => command/funAleatoire/dice.js loaded
[2024-07-22T00:21:28.576] [INFO] default - [commands] => command/funAleatoire/flip.js loaded
[2024-07-22T00:21:28.577] [INFO] default - [commands] => command/funAleatoire/randomNumber.js loaded
[2024-07-22T00:21:28.581] [INFO] default - [commands] => command/funJeux/artText.js loaded
[2024-07-22T00:21:28.582] [INFO] default - [commands] => command/funJeux/avatar.js loaded
[2024-07-22T00:21:28.584] [INFO] default - [commands] => command/funJeux/calculator.js loaded
[2024-07-22T00:21:28.585] [INFO] default - [commands] => command/funJeux/emojify.js loaded
[2024-07-22T00:21:28.587] [INFO] default - [commands] => command/funJeux/love.js loaded
[2024-07-22T00:21:28.588] [INFO] default - [commands] => command/funJeux/rockPaperScissor.js loaded
[2024-07-22T00:21:28.684] [INFO] default - [commands] => command/funUtile/animeSearch.js loaded
[2024-07-22T00:21:28.745] [INFO] default - [commands] => command/funUtile/translation.js loaded
[2024-07-22T00:21:28.795] [INFO] default - [commands] => command/info/machineInfo.js loaded
[2024-07-22T00:21:28.796] [INFO] default - [commands] => command/info/ping.js loaded
[2024-07-22T00:21:28.828] [INFO] default - [commands] => command/info/statistics.js loaded
[2024-07-22T00:21:28.828] [INFO] default - [38;5;82m[commands] => 18 commands loaded
[2024-07-22T00:21:58.781] [INFO] default - [commands] => command/admin/colors.js loaded
[2024-07-22T00:21:58.785] [INFO] default - [commands] => command/admin/testButton.js loaded
[2024-07-22T00:21:58.786] [INFO] default - [commands] => command/admin/testSelect.js loaded
[2024-07-22T00:21:58.806] [ERROR] default - [91m[commands] => command/funAleatoire/8ball.js not loaded
[2024-07-22T00:21:58.806] [ERROR] default - [91mError loading command from file 8ball.js in directory funAleatoire. A test file has been created with the error details: E:\floon\dev\test dev bot falling Start\libs\errors\8ball_error_7-21-2024, 10-21-58 PM.log
[2024-07-22T00:21:58.808] [INFO] default - [commands] => command/funAleatoire/dice.js loaded
[2024-07-22T00:21:58.811] [INFO] default - [commands] => command/funAleatoire/flip.js loaded
[2024-07-22T00:21:58.812] [INFO] default - [commands] => command/funAleatoire/randomNumber.js loaded
[2024-07-22T00:21:58.815] [INFO] default - [commands] => command/funJeux/artText.js loaded
[2024-07-22T00:21:58.816] [INFO] default - [commands] => command/funJeux/avatar.js loaded
[2024-07-22T00:21:58.819] [INFO] default - [commands] => command/funJeux/calculator.js loaded
[2024-07-22T00:21:58.819] [INFO] default - [commands] => command/funJeux/emojify.js loaded
[2024-07-22T00:21:58.821] [INFO] default - [commands] => command/funJeux/love.js loaded
[2024-07-22T00:21:58.822] [INFO] default - [commands] => command/funJeux/rockPaperScissor.js loaded
[2024-07-22T00:21:58.920] [INFO] default - [commands] => command/funUtile/animeSearch.js loaded
[2024-07-22T00:21:58.980] [INFO] default - [commands] => command/funUtile/translation.js loaded
[2024-07-22T00:21:59.030] [INFO] default - [commands] => command/info/machineInfo.js loaded
[2024-07-22T00:21:59.031] [INFO] default - [commands] => command/info/ping.js loaded
[2024-07-22T00:21:59.051] [INFO] default - [commands] => command/info/statistics.js loaded
[2024-07-22T00:21:59.051] [WARN] default - [38;5;203m[commands] => 1 commands not loaded
[2024-07-22T00:21:59.052] [INFO] default - [38;5;82m[commands] => 17 commands loaded
[2024-07-22T00:24:38.677] [INFO] default - [Commands] => command/admin/colors.js loaded
[2024-07-22T00:24:38.681] [INFO] default - [Commands] => command/admin/testButton.js loaded
[2024-07-22T00:24:38.682] [INFO] default - [Commands] => command/admin/testSelect.js loaded
[2024-07-22T00:24:38.702] [ERROR] default - [91m[Commands] => command/funAleatoire/8ball.js not loaded
[2024-07-22T00:24:38.703] [ERROR] default - [91mError loading command from file 8ball.js in directory funAleatoire. A test file has been created with the error details: E:\floon\dev\test dev bot falling Start\libs\errors\8ball_error_7-21-2024, 10-24-38 PM.log
[2024-07-22T00:24:38.704] [INFO] default - [Commands] => command/funAleatoire/dice.js loaded
[2024-07-22T00:24:38.707] [INFO] default - [Commands] => command/funAleatoire/flip.js loaded
[2024-07-22T00:24:38.708] [INFO] default - [Commands] => command/funAleatoire/randomNumber.js loaded
[2024-07-22T00:24:38.712] [INFO] default - [Commands] => command/funJeux/artText.js loaded
[2024-07-22T00:24:38.713] [INFO] default - [Commands] => command/funJeux/avatar.js loaded
[2024-07-22T00:24:38.715] [INFO] default - [Commands] => command/funJeux/calculator.js loaded
[2024-07-22T00:24:38.716] [INFO] default - [Commands] => command/funJeux/emojify.js loaded
[2024-07-22T00:24:38.717] [INFO] default - [Commands] => command/funJeux/love.js loaded
[2024-07-22T00:24:38.718] [INFO] default - [Commands] => command/funJeux/rockPaperScissor.js loaded
[2024-07-22T00:24:38.814] [INFO] default - [Commands] => command/funUtile/animeSearch.js loaded
[2024-07-22T00:24:38.875] [INFO] default - [Commands] => command/funUtile/translation.js loaded
[2024-07-22T00:24:38.926] [INFO] default - [Commands] => command/info/machineInfo.js loaded
[2024-07-22T00:24:38.926] [INFO] default - [Commands] => command/info/ping.js loaded
[2024-07-22T00:24:38.950] [INFO] default - [Commands] => command/info/statistics.js loaded
[2024-07-22T00:24:38.950] [WARN] default - [38;5;203m[Commands] => 1 commands not loaded
[2024-07-22T00:24:38.950] [INFO] default - [38;5;82m[Commands] => 17 commands loaded
[2024-07-22T00:25:41.374] [INFO] default - [Commands] => command/admin/colors.js loaded
[2024-07-22T00:25:41.378] [INFO] default - [Commands] => command/admin/testButton.js loaded
[2024-07-22T00:25:41.379] [INFO] default - [Commands] => command/admin/testSelect.js loaded
[2024-07-22T00:25:41.400] [ERROR] default - [91m[Commands] => command/funAleatoire/8ball.js not loaded
[2024-07-22T00:25:41.400] [ERROR] default - [91mError loading command from file 8ball.js in directory funAleatoire. A test file has been created with the error details: E:\floon\dev\test dev bot falling Start\libs\errors\8ball_error_7-21-2024, 10-25-41 PM.log
[2024-07-22T00:25:41.402] [INFO] default - [Commands] => command/funAleatoire/dice.js loaded
[2024-07-22T00:25:41.404] [INFO] default - [Commands] => command/funAleatoire/flip.js loaded
[2024-07-22T00:25:41.406] [INFO] default - [Commands] => command/funAleatoire/randomNumber.js loaded
[2024-07-22T00:25:41.409] [INFO] default - [Commands] => command/funJeux/artText.js loaded
[2024-07-22T00:25:41.410] [INFO] default - [Commands] => command/funJeux/avatar.js loaded
[2024-07-22T00:25:41.412] [INFO] default - [Commands] => command/funJeux/calculator.js loaded
[2024-07-22T00:25:41.413] [INFO] default - [Commands] => command/funJeux/emojify.js loaded
[2024-07-22T00:25:41.414] [INFO] default - [Commands] => command/funJeux/love.js loaded
[2024-07-22T00:25:41.416] [INFO] default - [Commands] => command/funJeux/rockPaperScissor.js loaded
[2024-07-22T00:25:41.511] [INFO] default - [Commands] => command/funUtile/animeSearch.js loaded
[2024-07-22T00:25:41.572] [INFO] default - [Commands] => command/funUtile/translation.js loaded
[2024-07-22T00:25:41.622] [INFO] default - [Commands] => command/info/machineInfo.js loaded
[2024-07-22T00:25:41.623] [INFO] default - [Commands] => command/info/ping.js loaded
[2024-07-22T00:25:41.643] [INFO] default - [Commands] => command/info/statistics.js loaded
[2024-07-22T00:25:41.643] [WARN] default - [38;5;203m[Commands] => 1 commands not loaded
[2024-07-22T00:25:41.644] [INFO] default - [38;5;82m[Commands] => 17 commands loaded
[2024-07-22T00:28:02.546] [INFO] default - [Commands] => command/admin/colors.js loaded
[2024-07-22T00:28:02.550] [INFO] default - [Commands] => command/admin/testButton.js loaded
[2024-07-22T00:28:02.551] [INFO] default - [Commands] => command/admin/testSelect.js loaded
[2024-07-22T00:28:02.553] [INFO] default - [Commands] => command/funAleatoire/8ball.js loaded
[2024-07-22T00:28:02.554] [INFO] default - [Commands] => command/funAleatoire/dice.js loaded
[2024-07-22T00:28:02.557] [INFO] default - [Commands] => command/funAleatoire/flip.js loaded
[2024-07-22T00:28:02.558] [INFO] default - [Commands] => command/funAleatoire/randomNumber.js loaded
[2024-07-22T00:28:02.561] [INFO] default - [Commands] => command/funJeux/artText.js loaded
[2024-07-22T00:28:02.563] [INFO] default - [Commands] => command/funJeux/avatar.js loaded
[2024-07-22T00:28:02.564] [INFO] default - [Commands] => command/funJeux/calculator.js loaded
[2024-07-22T00:28:02.565] [INFO] default - [Commands] => command/funJeux/emojify.js loaded
[2024-07-22T00:28:02.567] [INFO] default - [Commands] => command/funJeux/love.js loaded
[2024-07-22T00:28:02.568] [INFO] default - [Commands] => command/funJeux/rockPaperScissor.js loaded
[2024-07-22T00:28:02.666] [INFO] default - [Commands] => command/funUtile/animeSearch.js loaded
[2024-07-22T00:28:02.729] [INFO] default - [Commands] => command/funUtile/translation.js loaded
[2024-07-22T00:28:02.778] [INFO] default - [Commands] => command/info/machineInfo.js loaded
[2024-07-22T00:28:02.780] [INFO] default - [Commands] => command/info/ping.js loaded
[2024-07-22T00:28:02.811] [INFO] default - [Commands] => command/info/statistics.js loaded
[2024-07-22T00:28:02.812] [INFO] default - [38;5;82m[Commands] => 18 commands loaded
