[2024-07-22T00:12:25.147] [INFO] default - 
[Database] => Initial connection established successfully!
[2024-07-22T00:12:25.148] [ERROR] default - [database] => Error connecting to the database. An error file has been created with the details: E:\floon\dev\test dev bot falling Start\libs\errors\database_connection_error_7-21-2024, 10-12-25 PM.log
[2024-07-22T00:12:51.880] [INFO] default - 
[Database] => Initial connection established successfully!
[2024-07-22T00:12:51.886] [ERROR] default - [database] => Error connecting to the database. An error file has been created with the details: E:\floon\dev\test dev bot falling Start\libs\errors\database_connection_error_7-21-2024, 10-12-51 PM.log
[2024-07-22T00:13:37.342] [INFO] default - [Database] => Initial connection established successfully!
[2024-07-22T00:13:37.347] [ERROR] default - [database] => Error connecting to the database. An error file has been created with the details: E:\floon\dev\test dev bot falling Start\libs\errors\database_connection_error_7-21-2024, 10-13-37 PM.log
[2024-07-22T00:15:18.202] [WARN] default - [Database] => Connection refused. Retrying (1/5)...
[2024-07-22T00:15:21.219] [WARN] default - [Database] => Connection refused. Retrying (2/5)...
[2024-07-22T00:15:24.220] [WARN] default - [Database] => Connection refused. Retrying (3/5)...
[2024-07-22T00:15:27.223] [WARN] default - [Database] => Connection refused. Retrying (4/5)...
[2024-07-22T00:15:30.226] [WARN] default - [Database] => Connection refused. Retrying (5/5)...
[2024-07-22T00:15:33.229] [ERROR] default - [Database] => All 5 attempts to connect to the database have failed.
[2024-07-22T00:15:33.234] [ERROR] default - [database] => Error connecting to the database. An error file has been created with the details: E:\floon\dev\test dev bot falling Start\libs\errors\database_connection_error_7-21-2024, 10-15-33 PM.log
[2024-07-22T00:16:39.061] [WARN] default - [Database] => Connection refused. Retrying (1/5)...
[2024-07-22T00:16:42.075] [WARN] default - [Database] => Connection refused. Retrying (2/5)...
[2024-07-22T00:16:45.077] [WARN] default - [Database] => Connection refused. Retrying (3/5)...
[2024-07-22T00:16:48.081] [WARN] default - [Database] => Connection refused. Retrying (4/5)...
[2024-07-22T00:16:51.098] [WARN] default - [Database] => Connection refused. Retrying (5/5)...
[2024-07-22T00:16:54.101] [ERROR] default - [92m[Database] => All 5 attempts to connect to the database have failed.
[2024-07-22T00:16:54.107] [ERROR] default - [92m[Database] => Error connecting to the database. An error file has been created with the details: E:\floon\dev\test dev bot falling Start\libs\errors\database_connection_error_7-21-2024, 10-16-54 PM.log
[2024-07-22T00:21:30.829] [WARN] default - [Database] => Connection refused. Retrying (1/5)...
[2024-07-22T00:21:33.839] [WARN] default - [Database] => Connection refused. Retrying (2/5)...
[2024-07-22T00:21:36.841] [WARN] default - [Database] => Connection refused. Retrying (3/5)...
[2024-07-22T00:21:39.858] [WARN] default - [Database] => Connection refused. Retrying (4/5)...
[2024-07-22T00:21:42.875] [WARN] default - [Database] => Connection refused. Retrying (5/5)...
[2024-07-22T00:21:45.893] [ERROR] default - [91m[Database] => All 5 attempts to connect to the database have failed.
[2024-07-22T00:21:45.898] [ERROR] default - [91m[Database] => Error connecting to the database. An error file has been created with the details: E:\floon\dev\test dev bot falling Start\libs\errors\database_connection_error_7-21-2024, 10-21-45 PM.log
[2024-07-22T00:21:59.781] [WARN] default - [Database] => Connection refused. Retrying (1/5)...
[2024-07-22T00:22:02.785] [WARN] default - [Database] => Connection refused. Retrying (2/5)...
[2024-07-22T00:22:05.802] [WARN] default - [Database] => Connection refused. Retrying (3/5)...
[2024-07-22T00:22:08.820] [WARN] default - [Database] => Connection refused. Retrying (4/5)...
[2024-07-22T00:22:11.837] [WARN] default - [Database] => Connection refused. Retrying (5/5)...
[2024-07-22T00:22:14.840] [ERROR] default - [91m[Database] => All 5 attempts to connect to the database have failed.
[2024-07-22T00:22:14.841] [ERROR] default - [91m[Database] => Error connecting to the database. An error file has been created with the details: E:\floon\dev\test dev bot falling Start\libs\errors\database_connection_error_7-21-2024, 10-22-14 PM.log
[2024-07-22T00:24:39.655] [WARN] default - [Database] => Connection refused. Retrying (1/5)...
[2024-07-22T00:24:42.658] [WARN] default - [Database] => Connection refused. Retrying (2/5)...
[2024-07-22T00:24:45.660] [WARN] default - [Database] => Connection refused. Retrying (3/5)...
[2024-07-22T00:24:48.665] [WARN] default - [Database] => Connection refused. Retrying (4/5)...
[2024-07-22T00:24:51.668] [WARN] default - [Database] => Connection refused. Retrying (5/5)...
[2024-07-22T00:24:54.672] [ERROR] default - [38;5;203m[Database] => All 5 attempts to connect to the database have failed.
[2024-07-22T00:24:54.673] [ERROR] default - [91m[Database] => Error connecting to the database. An error file has been created with the details: E:\floon\dev\test dev bot falling Start\libs\errors\database_connection_error_7-21-2024, 10-24-54 PM.log
[2024-07-22T00:25:42.361] [INFO] default - [Database] => Initial connection established successfully!
[2024-07-22T00:25:42.363] [ERROR] default - [91m[Database] => Error connecting to the database. An error file has been created with the details: E:\floon\dev\test dev bot falling Start\libs\errors\database_connection_error_7-21-2024, 10-25-42 PM.log
[2024-07-22T00:28:03.533] [INFO] default - [38;5;82m[Database] => Initial connection established successfully!
[2024-07-22T00:28:03.538] [ERROR] default - [91m[Database] => Error connecting to the database. An error file has been created with the details: E:\floon\dev\test dev bot falling Start\libs\errors\database_connection_error_7-21-2024, 10-28-03 PM.log
